<?xml version="1.0" encoding="UTF-8"?>
<robot generator="Robot 7.3.2 (Python 3.13.5 on win32)" generated="2025-09-14T16:14:23.390707" rpa="false" schemaversion="5">
<suite id="s1" name="Sample Test" source="C:\code\robot_project\tests\sample_test.robot">
<test id="s1-t1" name="Open Google Homepage" line="7">
<kw name="Open Browser To Homepage" owner="keywords">
<kw name="Open Browser" owner="SeleniumLibrary">
<msg time="2025-09-14T16:15:08.380178" level="INFO">Opening browser 'chrome' to base url 'https://www.google.com'.</msg>
<arg>${URL}</arg>
<arg>${BROWSER}</arg>
<doc>Opens a new browser instance to the optional ``url``.</doc>
<status status="PASS" start="2025-09-14T16:15:08.379315" elapsed="55.064914"/>
</kw>
<kw name="Maximize Browser Window" owner="SeleniumLibrary">
<doc>Maximizes current browser window.</doc>
<status status="PASS" start="2025-09-14T16:16:03.445069" elapsed="0.051396"/>
</kw>
<status status="PASS" start="2025-09-14T16:15:08.310114" elapsed="55.187187"/>
</kw>
<kw name="Title Should Be" owner="SeleniumLibrary">
<msg time="2025-09-14T16:16:03.515046" level="INFO">Page title is 'Google'.</msg>
<arg>${EXPECTED_TITLE}</arg>
<doc>Verifies that the current page title equals ``title``.</doc>
<status status="PASS" start="2025-09-14T16:16:03.498799" elapsed="0.016485"/>
</kw>
<kw name="Close Browser" owner="SeleniumLibrary">
<doc>Closes the current browser.</doc>
<status status="PASS" start="2025-09-14T16:16:03.515978" elapsed="4.866922"/>
</kw>
<doc>Opens the Google homepage and checks the title</doc>
<status status="PASS" start="2025-09-14T16:15:08.308132" elapsed="60.076266"/>
</test>
<status status="PASS" start="2025-09-14T16:14:23.480922" elapsed="104.907651"/>
</suite>
<statistics>
<total>
<stat pass="1" fail="0" skip="0">All Tests</stat>
</total>
<tag>
</tag>
<suite>
<stat name="Sample Test" id="s1" pass="1" fail="0" skip="0">Sample Test</stat>
</suite>
</statistics>
<errors>
</errors>
</robot>
